2021-04-16T17:38:48.335Z [grades-control-api] error: Erro
2021-04-16T17:38:48.338Z [grades-control-api] warn: warn log
2021-04-16T17:38:48.338Z [grades-control-api] info: inf log
2021-04-16T17:38:48.338Z [grades-control-api] verbose: verbose log
2021-04-16T17:38:48.339Z [grades-control-api] debug: debug log
2021-04-16T17:38:48.339Z [grades-control-api] silly: Silly log
2021-04-16T17:38:48.340Z [grades-control-api] info: elias inf
2021-04-16T18:14:32.606Z [grades-control-api] error: Erro
2021-04-16T18:14:32.620Z [grades-control-api] warn: warn log
2021-04-16T18:14:32.621Z [grades-control-api] info: inf log
2021-04-16T18:14:32.621Z [grades-control-api] verbose: verbose log
2021-04-16T18:14:32.621Z [grades-control-api] debug: debug log
2021-04-16T18:14:32.621Z [grades-control-api] silly: Silly log
2021-04-16T18:14:32.622Z [grades-control-api] info: elias inf
2021-04-16T18:14:37.441Z [grades-control-api] error: Erro
2021-04-16T18:14:37.444Z [grades-control-api] warn: warn log
2021-04-16T18:14:37.444Z [grades-control-api] info: inf log
2021-04-16T18:14:37.445Z [grades-control-api] verbose: verbose log
2021-04-16T18:14:37.445Z [grades-control-api] debug: debug log
2021-04-16T18:14:37.446Z [grades-control-api] silly: Silly log
2021-04-16T18:14:37.447Z [grades-control-api] info: elias inf
2021-04-16T18:19:04.113Z [grades-control-api] error: Erro
2021-04-16T18:19:04.116Z [grades-control-api] warn: warn log
2021-04-16T18:19:04.116Z [grades-control-api] info: inf log
2021-04-16T18:19:04.116Z [grades-control-api] verbose: verbose log
2021-04-16T18:19:04.117Z [grades-control-api] debug: debug log
2021-04-16T18:19:04.117Z [grades-control-api] silly: Silly log
2021-04-16T18:19:04.118Z [grades-control-api] info: elias inf
2021-04-16T18:19:33.709Z [grades-control-api] error: Erro
2021-04-16T18:19:33.714Z [grades-control-api] warn: warn log
2021-04-16T18:19:33.714Z [grades-control-api] info: inf log
2021-04-16T18:19:33.728Z [grades-control-api] verbose: verbose log
2021-04-16T18:19:33.745Z [grades-control-api] debug: debug log
2021-04-16T18:19:33.746Z [grades-control-api] silly: Silly log
2021-04-16T18:19:33.751Z [grades-control-api] info: elias inf
2021-04-16T18:19:36.134Z [grades-control-api] error: Erro
2021-04-16T18:19:36.137Z [grades-control-api] warn: warn log
2021-04-16T18:19:36.137Z [grades-control-api] info: inf log
2021-04-16T18:19:36.138Z [grades-control-api] verbose: verbose log
2021-04-16T18:19:36.138Z [grades-control-api] debug: debug log
2021-04-16T18:19:36.138Z [grades-control-api] silly: Silly log
2021-04-16T18:19:36.139Z [grades-control-api] info: elias inf
2021-04-16T18:20:30.927Z [grades-control-api] error: Erro
2021-04-16T18:20:30.930Z [grades-control-api] warn: warn log
2021-04-16T18:20:30.930Z [grades-control-api] info: inf log
2021-04-16T18:20:30.930Z [grades-control-api] verbose: verbose log
2021-04-16T18:20:30.931Z [grades-control-api] debug: debug log
2021-04-16T18:20:30.931Z [grades-control-api] silly: Silly log
2021-04-16T18:20:30.931Z [grades-control-api] info: elias inf
2021-04-16T18:20:56.787Z [grades-control-api] error: Erro
2021-04-16T18:20:56.791Z [grades-control-api] warn: warn log
2021-04-16T18:20:56.791Z [grades-control-api] info: inf log
2021-04-16T18:20:56.792Z [grades-control-api] verbose: verbose log
2021-04-16T18:20:56.792Z [grades-control-api] debug: debug log
2021-04-16T18:20:56.793Z [grades-control-api] silly: Silly log
2021-04-16T18:20:56.794Z [grades-control-api] info: elias inf
2021-04-16T18:21:39.002Z [grades-control-api] error: Erro
2021-04-16T18:21:39.008Z [grades-control-api] warn: warn log
2021-04-16T18:21:39.014Z [grades-control-api] info: inf log
2021-04-16T18:21:39.018Z [grades-control-api] verbose: verbose log
2021-04-16T18:21:39.018Z [grades-control-api] debug: debug log
2021-04-16T18:21:39.023Z [grades-control-api] silly: Silly log
2021-04-16T18:21:39.024Z [grades-control-api] info: elias inf
2021-04-16T18:21:39.567Z [grades-control-api] error: Erro
2021-04-16T18:21:39.583Z [grades-control-api] warn: warn log
2021-04-16T18:21:39.585Z [grades-control-api] info: inf log
2021-04-16T18:21:39.585Z [grades-control-api] verbose: verbose log
2021-04-16T18:21:39.585Z [grades-control-api] debug: debug log
2021-04-16T18:21:39.586Z [grades-control-api] silly: Silly log
2021-04-16T18:21:39.586Z [grades-control-api] info: elias inf
2021-04-16T18:21:43.288Z [grades-control-api] error: Erro
2021-04-16T18:21:43.292Z [grades-control-api] warn: warn log
2021-04-16T18:21:43.293Z [grades-control-api] info: inf log
2021-04-16T18:21:43.298Z [grades-control-api] verbose: verbose log
2021-04-16T18:21:43.300Z [grades-control-api] debug: debug log
2021-04-16T18:21:43.306Z [grades-control-api] silly: Silly log
2021-04-16T18:21:43.311Z [grades-control-api] info: elias inf
2021-04-16T18:21:44.862Z [grades-control-api] error: Erro
2021-04-16T18:21:44.866Z [grades-control-api] warn: warn log
2021-04-16T18:21:44.866Z [grades-control-api] info: inf log
2021-04-16T18:21:44.866Z [grades-control-api] verbose: verbose log
2021-04-16T18:21:44.866Z [grades-control-api] debug: debug log
2021-04-16T18:21:44.867Z [grades-control-api] silly: Silly log
2021-04-16T18:21:44.867Z [grades-control-api] info: elias inf
2021-04-16T18:31:59.030Z [grades-control-api] error: Erro
2021-04-16T18:31:59.033Z [grades-control-api] warn: warn log
2021-04-16T18:31:59.033Z [grades-control-api] info: inf log
2021-04-16T18:31:59.034Z [grades-control-api] verbose: verbose log
2021-04-16T18:31:59.034Z [grades-control-api] debug: debug log
2021-04-16T18:31:59.035Z [grades-control-api] silly: Silly log
2021-04-16T18:31:59.035Z [grades-control-api] info: elias inf
2021-04-16T18:32:06.114Z [grades-control-api] error: Erro
2021-04-16T18:32:06.132Z [grades-control-api] warn: warn log
2021-04-16T18:32:06.138Z [grades-control-api] info: inf log
2021-04-16T18:32:06.140Z [grades-control-api] verbose: verbose log
2021-04-16T18:32:06.140Z [grades-control-api] debug: debug log
2021-04-16T18:32:06.142Z [grades-control-api] silly: Silly log
2021-04-16T18:32:06.144Z [grades-control-api] info: elias inf
2021-04-16T18:33:12.089Z [grades-control-api] error: Erro
2021-04-16T18:33:12.092Z [grades-control-api] warn: warn log
2021-04-16T18:33:12.092Z [grades-control-api] info: inf log
2021-04-16T18:33:12.093Z [grades-control-api] verbose: verbose log
2021-04-16T18:33:12.093Z [grades-control-api] debug: debug log
2021-04-16T18:33:12.094Z [grades-control-api] silly: Silly log
2021-04-16T18:33:12.094Z [grades-control-api] info: elias inf
2021-04-16T18:34:17.927Z [grades-control-api] error: Erro
2021-04-16T18:34:17.935Z [grades-control-api] warn: warn log
2021-04-16T18:34:17.947Z [grades-control-api] info: inf log
2021-04-16T18:34:17.947Z [grades-control-api] verbose: verbose log
2021-04-16T18:34:17.948Z [grades-control-api] debug: debug log
2021-04-16T18:34:17.949Z [grades-control-api] silly: Silly log
2021-04-16T18:34:17.950Z [grades-control-api] info: elias inf
2021-04-16T18:34:18.700Z [grades-control-api] error: Erro
2021-04-16T18:34:18.703Z [grades-control-api] warn: warn log
2021-04-16T18:34:18.703Z [grades-control-api] info: inf log
2021-04-16T18:34:18.703Z [grades-control-api] verbose: verbose log
2021-04-16T18:34:18.704Z [grades-control-api] debug: debug log
2021-04-16T18:34:18.704Z [grades-control-api] silly: Silly log
2021-04-16T18:34:18.704Z [grades-control-api] info: elias inf
2021-04-16T18:34:56.896Z [grades-control-api] error: Erro
2021-04-16T18:34:56.900Z [grades-control-api] warn: warn log
2021-04-16T18:34:56.910Z [grades-control-api] info: inf log
2021-04-16T18:34:56.914Z [grades-control-api] verbose: verbose log
2021-04-16T18:34:56.916Z [grades-control-api] debug: debug log
2021-04-16T18:34:56.916Z [grades-control-api] silly: Silly log
2021-04-16T18:34:56.918Z [grades-control-api] info: elias inf
2021-04-16T18:34:57.721Z [grades-control-api] error: Erro
2021-04-16T18:34:57.724Z [grades-control-api] warn: warn log
2021-04-16T18:34:57.725Z [grades-control-api] info: inf log
2021-04-16T18:34:57.725Z [grades-control-api] verbose: verbose log
2021-04-16T18:34:57.725Z [grades-control-api] debug: debug log
2021-04-16T18:34:57.725Z [grades-control-api] silly: Silly log
2021-04-16T18:34:57.726Z [grades-control-api] info: elias inf
2021-04-16T18:35:04.983Z [grades-control-api] error: Erro
2021-04-16T18:35:04.986Z [grades-control-api] warn: warn log
2021-04-16T18:35:04.987Z [grades-control-api] info: inf log
2021-04-16T18:35:04.988Z [grades-control-api] verbose: verbose log
2021-04-16T18:35:04.988Z [grades-control-api] debug: debug log
2021-04-16T18:35:04.989Z [grades-control-api] silly: Silly log
2021-04-16T18:35:04.989Z [grades-control-api] info: elias inf
